<?xml version="1.0" encoding="UTF-8"?>
<testng-results skipped="0" failed="0" ignored="0" total="1" passed="1">
  <reporter-output>
  </reporter-output>
  <suite name="Default suite" duration-ms="826" started-at="2020-05-29T14:46:35Z" finished-at="2020-05-29T14:46:35Z">
    <groups>
    </groups>
    <test name="Default test" duration-ms="826" started-at="2020-05-29T14:46:35Z" finished-at="2020-05-29T14:46:35Z">
      <class name="excel.ReadData">
        <test-method status="PASS" signature="readdata()[pri:0, instance:excel.ReadData@20e2cbe0]" name="readdata" duration-ms="777" started-at="2020-05-29T14:46:35Z" finished-at="2020-05-29T14:46:35Z">
          <reporter-output>
          </reporter-output>
        </test-method> <!-- readdata -->
      </class> <!-- excel.ReadData -->
    </test> <!-- Default test -->
  </suite> <!-- Default suite -->
</testng-results>
